[0.407s] Invoking command in '/home/ldps-06/ros2_ws/src/patraev_danila_study_pkg': PYTHONPATH=/home/ldps-06/ros2_ws/src/patraev_danila_study_pkg/build/patraev_danila_study_pkg/prefix_override:/usr/lib/python3/dist-packages/colcon_core/task/python/colcon_distutils_commands:/home/ldps-06/ros2_ws/src/patraev_danila_study_pkg/install/patraev_danila_study_pkg/lib/python3.12/site-packages:${PYTHONPATH} /usr/bin/python3 -W ignore:setup.py install is deprecated -W ignore:easy_install command is deprecated setup.py egg_info --egg-base build/patraev_danila_study_pkg build --build-base /home/ldps-06/ros2_ws/src/patraev_danila_study_pkg/build/patraev_danila_study_pkg/build install --record /home/ldps-06/ros2_ws/src/patraev_danila_study_pkg/build/patraev_danila_study_pkg/install.log --single-version-externally-managed install_data
[0.539s] running egg_info
[0.547s] writing build/patraev_danila_study_pkg/patraev_danila_study_pkg.egg-info/PKG-INFO
[0.547s] writing dependency_links to build/patraev_danila_study_pkg/patraev_danila_study_pkg.egg-info/dependency_links.txt
[0.547s] writing entry points to build/patraev_danila_study_pkg/patraev_danila_study_pkg.egg-info/entry_points.txt
[0.547s] writing requirements to build/patraev_danila_study_pkg/patraev_danila_study_pkg.egg-info/requires.txt
[0.547s] writing top-level names to build/patraev_danila_study_pkg/patraev_danila_study_pkg.egg-info/top_level.txt
[0.565s] reading manifest file 'build/patraev_danila_study_pkg/patraev_danila_study_pkg.egg-info/SOURCES.txt'
[0.565s] writing manifest file 'build/patraev_danila_study_pkg/patraev_danila_study_pkg.egg-info/SOURCES.txt'
[0.565s] running build
[0.565s] running build_py
[0.565s] running install
[0.569s] running install_lib
[0.578s] running install_data
[0.578s] running install_egg_info
[0.586s] removing '/home/ldps-06/ros2_ws/src/patraev_danila_study_pkg/install/patraev_danila_study_pkg/lib/python3.12/site-packages/patraev_danila_study_pkg-0.0.0-py3.12.egg-info' (and everything under it)
[0.587s] Copying build/patraev_danila_study_pkg/patraev_danila_study_pkg.egg-info to /home/ldps-06/ros2_ws/src/patraev_danila_study_pkg/install/patraev_danila_study_pkg/lib/python3.12/site-packages/patraev_danila_study_pkg-0.0.0-py3.12.egg-info
[0.587s] running install_scripts
[0.652s] Installing first_node script to /home/ldps-06/ros2_ws/src/patraev_danila_study_pkg/install/patraev_danila_study_pkg/lib/patraev_danila_study_pkg
[0.652s] writing list of installed files to '/home/ldps-06/ros2_ws/src/patraev_danila_study_pkg/build/patraev_danila_study_pkg/install.log'
[0.667s] Invoked command in '/home/ldps-06/ros2_ws/src/patraev_danila_study_pkg' returned '0': PYTHONPATH=/home/ldps-06/ros2_ws/src/patraev_danila_study_pkg/build/patraev_danila_study_pkg/prefix_override:/usr/lib/python3/dist-packages/colcon_core/task/python/colcon_distutils_commands:/home/ldps-06/ros2_ws/src/patraev_danila_study_pkg/install/patraev_danila_study_pkg/lib/python3.12/site-packages:${PYTHONPATH} /usr/bin/python3 -W ignore:setup.py install is deprecated -W ignore:easy_install command is deprecated setup.py egg_info --egg-base build/patraev_danila_study_pkg build --build-base /home/ldps-06/ros2_ws/src/patraev_danila_study_pkg/build/patraev_danila_study_pkg/build install --record /home/ldps-06/ros2_ws/src/patraev_danila_study_pkg/build/patraev_danila_study_pkg/install.log --single-version-externally-managed install_data
