/home/ldps-06/ros2_ws/src/patraev_danila_study_pkg/install/patraev_danila_study_pkg/lib/python3.12/site-packages/patraev_danila_study_pkg/setup.py
/home/ldps-06/ros2_ws/src/patraev_danila_study_pkg/install/patraev_danila_study_pkg/lib/python3.12/site-packages/patraev_danila_study_pkg/talker.py
/home/ldps-06/ros2_ws/src/patraev_danila_study_pkg/install/patraev_danila_study_pkg/lib/python3.12/site-packages/patraev_danila_study_pkg/first_node.py
/home/ldps-06/ros2_ws/src/patraev_danila_study_pkg/install/patraev_danila_study_pkg/lib/python3.12/site-packages/patraev_danila_study_pkg/even_number_publisher.py
/home/ldps-06/ros2_ws/src/patraev_danila_study_pkg/install/patraev_danila_study_pkg/lib/python3.12/site-packages/patraev_danila_study_pkg/listener.py
/home/ldps-06/ros2_ws/src/patraev_danila_study_pkg/install/patraev_danila_study_pkg/lib/python3.12/site-packages/patraev_danila_study_pkg/__init__.py
/home/ldps-06/ros2_ws/src/patraev_danila_study_pkg/install/patraev_danila_study_pkg/lib/python3.12/site-packages/patraev_danila_study_pkg/overflow_listener.py
/home/ldps-06/ros2_ws/src/patraev_danila_study_pkg/install/patraev_danila_study_pkg/lib/python3.12/site-packages/patraev_danila_study_pkg/__pycache__/setup.cpython-312.pyc
/home/ldps-06/ros2_ws/src/patraev_danila_study_pkg/install/patraev_danila_study_pkg/lib/python3.12/site-packages/patraev_danila_study_pkg/__pycache__/talker.cpython-312.pyc
/home/ldps-06/ros2_ws/src/patraev_danila_study_pkg/install/patraev_danila_study_pkg/lib/python3.12/site-packages/patraev_danila_study_pkg/__pycache__/first_node.cpython-312.pyc
/home/ldps-06/ros2_ws/src/patraev_danila_study_pkg/install/patraev_danila_study_pkg/lib/python3.12/site-packages/patraev_danila_study_pkg/__pycache__/even_number_publisher.cpython-312.pyc
/home/ldps-06/ros2_ws/src/patraev_danila_study_pkg/install/patraev_danila_study_pkg/lib/python3.12/site-packages/patraev_danila_study_pkg/__pycache__/listener.cpython-312.pyc
/home/ldps-06/ros2_ws/src/patraev_danila_study_pkg/install/patraev_danila_study_pkg/lib/python3.12/site-packages/patraev_danila_study_pkg/__pycache__/__init__.cpython-312.pyc
/home/ldps-06/ros2_ws/src/patraev_danila_study_pkg/install/patraev_danila_study_pkg/lib/python3.12/site-packages/patraev_danila_study_pkg/__pycache__/overflow_listener.cpython-312.pyc
/home/ldps-06/ros2_ws/src/patraev_danila_study_pkg/install/patraev_danila_study_pkg/share/ament_index/resource_index/packages/patraev_danila_study_pkg
/home/ldps-06/ros2_ws/src/patraev_danila_study_pkg/install/patraev_danila_study_pkg/share/patraev_danila_study_pkg/package.xml
/home/ldps-06/ros2_ws/src/patraev_danila_study_pkg/install/patraev_danila_study_pkg/lib/python3.12/site-packages/patraev_danila_study_pkg-0.0.0-py3.12.egg-info/entry_points.txt
/home/ldps-06/ros2_ws/src/patraev_danila_study_pkg/install/patraev_danila_study_pkg/lib/python3.12/site-packages/patraev_danila_study_pkg-0.0.0-py3.12.egg-info/dependency_links.txt
/home/ldps-06/ros2_ws/src/patraev_danila_study_pkg/install/patraev_danila_study_pkg/lib/python3.12/site-packages/patraev_danila_study_pkg-0.0.0-py3.12.egg-info/PKG-INFO
/home/ldps-06/ros2_ws/src/patraev_danila_study_pkg/install/patraev_danila_study_pkg/lib/python3.12/site-packages/patraev_danila_study_pkg-0.0.0-py3.12.egg-info/zip-safe
/home/ldps-06/ros2_ws/src/patraev_danila_study_pkg/install/patraev_danila_study_pkg/lib/python3.12/site-packages/patraev_danila_study_pkg-0.0.0-py3.12.egg-info/SOURCES.txt
/home/ldps-06/ros2_ws/src/patraev_danila_study_pkg/install/patraev_danila_study_pkg/lib/python3.12/site-packages/patraev_danila_study_pkg-0.0.0-py3.12.egg-info/top_level.txt
/home/ldps-06/ros2_ws/src/patraev_danila_study_pkg/install/patraev_danila_study_pkg/lib/python3.12/site-packages/patraev_danila_study_pkg-0.0.0-py3.12.egg-info/requires.txt
/home/ldps-06/ros2_ws/src/patraev_danila_study_pkg/install/patraev_danila_study_pkg/lib/patraev_danila_study_pkg/even_number_publisher
/home/ldps-06/ros2_ws/src/patraev_danila_study_pkg/install/patraev_danila_study_pkg/lib/patraev_danila_study_pkg/listener
/home/ldps-06/ros2_ws/src/patraev_danila_study_pkg/install/patraev_danila_study_pkg/lib/patraev_danila_study_pkg/overflow_listener
/home/ldps-06/ros2_ws/src/patraev_danila_study_pkg/install/patraev_danila_study_pkg/lib/patraev_danila_study_pkg/talker
