[0.398s] Invoking command in '/home/ldps-06/ros2_ws/src/patraev_danila_study_pkg': PYTHONPATH=/home/ldps-06/ros2_ws/src/patraev_danila_study_pkg/build/patraev_danila_study_pkg/prefix_override:/usr/lib/python3/dist-packages/colcon_core/task/python/colcon_distutils_commands:/home/ldps-06/ros2_ws/src/patraev_danila_study_pkg/install/patraev_danila_study_pkg/lib/python3.12/site-packages:${PYTHONPATH} /usr/bin/python3 -W ignore:setup.py install is deprecated -W ignore:easy_install command is deprecated setup.py egg_info --egg-base build/patraev_danila_study_pkg build --build-base /home/ldps-06/ros2_ws/src/patraev_danila_study_pkg/build/patraev_danila_study_pkg/build install --record /home/ldps-06/ros2_ws/src/patraev_danila_study_pkg/build/patraev_danila_study_pkg/install.log --single-version-externally-managed install_data
[0.528s] running egg_info
[0.536s] writing build/patraev_danila_study_pkg/patraev_danila_study_pkg.egg-info/PKG-INFO
[0.536s] writing dependency_links to build/patraev_danila_study_pkg/patraev_danila_study_pkg.egg-info/dependency_links.txt
[0.536s] writing entry points to build/patraev_danila_study_pkg/patraev_danila_study_pkg.egg-info/entry_points.txt
[0.536s] writing requirements to build/patraev_danila_study_pkg/patraev_danila_study_pkg.egg-info/requires.txt
[0.536s] writing top-level names to build/patraev_danila_study_pkg/patraev_danila_study_pkg.egg-info/top_level.txt
[0.553s] reading manifest file 'build/patraev_danila_study_pkg/patraev_danila_study_pkg.egg-info/SOURCES.txt'
[0.553s] writing manifest file 'build/patraev_danila_study_pkg/patraev_danila_study_pkg.egg-info/SOURCES.txt'
[0.553s] running build
[0.553s] running build_py
[0.554s] running install
[0.557s] running install_lib
[0.566s] running install_data
[0.566s] running install_egg_info
[0.575s] removing '/home/ldps-06/ros2_ws/src/patraev_danila_study_pkg/install/patraev_danila_study_pkg/lib/python3.12/site-packages/patraev_danila_study_pkg-0.0.0-py3.12.egg-info' (and everything under it)
[0.575s] Copying build/patraev_danila_study_pkg/patraev_danila_study_pkg.egg-info to /home/ldps-06/ros2_ws/src/patraev_danila_study_pkg/install/patraev_danila_study_pkg/lib/python3.12/site-packages/patraev_danila_study_pkg-0.0.0-py3.12.egg-info
[0.575s] running install_scripts
[0.639s] Installing first_node script to /home/ldps-06/ros2_ws/src/patraev_danila_study_pkg/install/patraev_danila_study_pkg/lib/patraev_danila_study_pkg
[0.639s] writing list of installed files to '/home/ldps-06/ros2_ws/src/patraev_danila_study_pkg/build/patraev_danila_study_pkg/install.log'
[0.655s] Invoked command in '/home/ldps-06/ros2_ws/src/patraev_danila_study_pkg' returned '0': PYTHONPATH=/home/ldps-06/ros2_ws/src/patraev_danila_study_pkg/build/patraev_danila_study_pkg/prefix_override:/usr/lib/python3/dist-packages/colcon_core/task/python/colcon_distutils_commands:/home/ldps-06/ros2_ws/src/patraev_danila_study_pkg/install/patraev_danila_study_pkg/lib/python3.12/site-packages:${PYTHONPATH} /usr/bin/python3 -W ignore:setup.py install is deprecated -W ignore:easy_install command is deprecated setup.py egg_info --egg-base build/patraev_danila_study_pkg build --build-base /home/ldps-06/ros2_ws/src/patraev_danila_study_pkg/build/patraev_danila_study_pkg/build install --record /home/ldps-06/ros2_ws/src/patraev_danila_study_pkg/build/patraev_danila_study_pkg/install.log --single-version-externally-managed install_data
