[0.057s] DEBUG:colcon:Command line arguments: ['/usr/bin/colcon', 'build', '--packages-select', 'patraev_danila_study_pkg']
[0.057s] DEBUG:colcon:Parsed command line arguments: Namespace(log_base=None, log_level=None, verb_name='build', build_base='build', install_base='install', merge_install=False, symlink_install=False, test_result_base=None, continue_on_error=False, executor='parallel', parallel_workers=12, event_handlers=None, ignore_user_meta=False, metas=['./colcon.meta'], base_paths=['.'], packages_ignore=None, packages_ignore_regex=None, paths=None, packages_up_to=None, packages_up_to_regex=None, packages_above=None, packages_above_and_dependencies=None, packages_above_depth=None, packages_select_by_dep=None, packages_skip_by_dep=None, packages_skip_up_to=None, packages_select_build_failed=False, packages_skip_build_finished=False, packages_select_test_failures=False, packages_skip_test_passed=False, packages_select=['patraev_danila_study_pkg'], packages_skip=None, packages_select_regex=None, packages_skip_regex=None, packages_start=None, packages_end=None, allow_overriding=[], cmake_args=None, cmake_target=None, cmake_target_skip_unavailable=False, cmake_clean_cache=False, cmake_clean_first=False, cmake_force_configure=False, ament_cmake_args=None, catkin_cmake_args=None, catkin_skip_building_tests=False, mixin_files=None, mixin=None, verb_parser=<colcon_mixin.mixin.mixin_argument.MixinArgumentDecorator object at 0x75d2c71a0f80>, verb_extension=<colcon_core.verb.build.BuildVerb object at 0x75d2c71a09e0>, main=<bound method BuildVerb.main of <colcon_core.verb.build.BuildVerb object at 0x75d2c71a09e0>>, mixin_verb=('build',))
[0.078s] Level 1:colcon.colcon_core.package_discovery:discover_packages(colcon_meta) check parameters
[0.078s] Level 1:colcon.colcon_core.package_discovery:discover_packages(recursive) check parameters
[0.078s] Level 1:colcon.colcon_core.package_discovery:discover_packages(ignore) check parameters
[0.078s] Level 1:colcon.colcon_core.package_discovery:discover_packages(path) check parameters
[0.078s] Level 1:colcon.colcon_core.package_discovery:discover_packages(colcon_meta) discover
[0.078s] Level 1:colcon.colcon_core.package_discovery:discover_packages(recursive) discover
[0.078s] INFO:colcon.colcon_core.package_discovery:Crawling recursively for packages in '/home/ldps-06/ros2_ws/src/patraev_danila_study_pkg'
[0.078s] Level 1:colcon.colcon_core.package_identification:_identify(.) by extensions ['ignore', 'ignore_ament_install']
[0.078s] Level 1:colcon.colcon_core.package_identification:_identify(.) by extension 'ignore'
[0.079s] Level 1:colcon.colcon_core.package_identification:_identify(.) by extension 'ignore_ament_install'
[0.079s] Level 1:colcon.colcon_core.package_identification:_identify(.) by extensions ['colcon_pkg']
[0.079s] Level 1:colcon.colcon_core.package_identification:_identify(.) by extension 'colcon_pkg'
[0.079s] Level 1:colcon.colcon_core.package_identification:_identify(.) by extensions ['colcon_meta']
[0.079s] Level 1:colcon.colcon_core.package_identification:_identify(.) by extension 'colcon_meta'
[0.079s] Level 1:colcon.colcon_core.package_identification:_identify(.) by extensions ['ros']
[0.079s] Level 1:colcon.colcon_core.package_identification:_identify(.) by extension 'ros'
[0.094s] DEBUG:colcon.colcon_core.package_identification:Package '.' with type 'ros.ament_python' and name 'patraev_danila_study_pkg'
[0.094s] Level 1:colcon.colcon_core.package_discovery:discover_packages(recursive) using defaults
[0.094s] Level 1:colcon.colcon_core.package_discovery:discover_packages(ignore) discover
[0.094s] Level 1:colcon.colcon_core.package_discovery:discover_packages(ignore) using defaults
[0.094s] Level 1:colcon.colcon_core.package_discovery:discover_packages(path) discover
[0.094s] Level 1:colcon.colcon_core.package_discovery:discover_packages(path) using defaults
[0.103s] Level 1:colcon.colcon_core.package_discovery:discover_packages(prefix_path) check parameters
[0.103s] Level 1:colcon.colcon_core.package_discovery:discover_packages(prefix_path) discover
[0.104s] DEBUG:colcon.colcon_installed_package_information.package_discovery:Found 1 installed packages in /home/ldps-06/ros2_ws/src/patraev_danila_study_pkg/install
[0.104s] DEBUG:colcon.colcon_installed_package_information.package_discovery:Found 4 installed packages in /home/ldps-06/ros2_ws/install
[0.105s] DEBUG:colcon.colcon_installed_package_information.package_discovery:Found 4 installed packages in /home/ldps-06/ros2_ws_arya/install
[0.106s] DEBUG:colcon.colcon_installed_package_information.package_discovery:Found 303 installed packages in /opt/ros/jazzy
[0.106s] Level 1:colcon.colcon_core.package_discovery:discover_packages(prefix_path) using defaults
[0.127s] Level 5:colcon.colcon_core.verb:set package 'patraev_danila_study_pkg' build argument 'cmake_args' from command line to 'None'
[0.127s] Level 5:colcon.colcon_core.verb:set package 'patraev_danila_study_pkg' build argument 'cmake_target' from command line to 'None'
[0.127s] Level 5:colcon.colcon_core.verb:set package 'patraev_danila_study_pkg' build argument 'cmake_target_skip_unavailable' from command line to 'False'
[0.127s] Level 5:colcon.colcon_core.verb:set package 'patraev_danila_study_pkg' build argument 'cmake_clean_cache' from command line to 'False'
[0.127s] Level 5:colcon.colcon_core.verb:set package 'patraev_danila_study_pkg' build argument 'cmake_clean_first' from command line to 'False'
[0.127s] Level 5:colcon.colcon_core.verb:set package 'patraev_danila_study_pkg' build argument 'cmake_force_configure' from command line to 'False'
[0.127s] Level 5:colcon.colcon_core.verb:set package 'patraev_danila_study_pkg' build argument 'ament_cmake_args' from command line to 'None'
[0.127s] Level 5:colcon.colcon_core.verb:set package 'patraev_danila_study_pkg' build argument 'catkin_cmake_args' from command line to 'None'
[0.127s] Level 5:colcon.colcon_core.verb:set package 'patraev_danila_study_pkg' build argument 'catkin_skip_building_tests' from command line to 'False'
[0.127s] DEBUG:colcon.colcon_core.verb:Building package 'patraev_danila_study_pkg' with the following arguments: {'ament_cmake_args': None, 'build_base': '/home/ldps-06/ros2_ws/src/patraev_danila_study_pkg/build/patraev_danila_study_pkg', 'catkin_cmake_args': None, 'catkin_skip_building_tests': False, 'cmake_args': None, 'cmake_clean_cache': False, 'cmake_clean_first': False, 'cmake_force_configure': False, 'cmake_target': None, 'cmake_target_skip_unavailable': False, 'install_base': '/home/ldps-06/ros2_ws/src/patraev_danila_study_pkg/install/patraev_danila_study_pkg', 'merge_install': False, 'path': '/home/ldps-06/ros2_ws/src/patraev_danila_study_pkg', 'symlink_install': False, 'test_result_base': None}
[0.127s] INFO:colcon.colcon_core.executor:Executing jobs using 'parallel' executor
[0.128s] DEBUG:colcon.colcon_parallel_executor.executor.parallel:run_until_complete
[0.128s] INFO:colcon.colcon_ros.task.ament_python.build:Building ROS package in '/home/ldps-06/ros2_ws/src/patraev_danila_study_pkg' with build type 'ament_python'
[0.128s] Level 1:colcon.colcon_core.shell:create_environment_hook('patraev_danila_study_pkg', 'ament_prefix_path')
[0.129s] INFO:colcon.colcon_core.plugin_system:Skipping extension 'colcon_core.shell.bat': Not used on non-Windows systems
[0.129s] INFO:colcon.colcon_core.shell:Creating environment hook '/home/ldps-06/ros2_ws/src/patraev_danila_study_pkg/install/patraev_danila_study_pkg/share/patraev_danila_study_pkg/hook/ament_prefix_path.ps1'
[0.130s] INFO:colcon.colcon_core.shell:Creating environment descriptor '/home/ldps-06/ros2_ws/src/patraev_danila_study_pkg/install/patraev_danila_study_pkg/share/patraev_danila_study_pkg/hook/ament_prefix_path.dsv'
[0.130s] INFO:colcon.colcon_core.shell:Creating environment hook '/home/ldps-06/ros2_ws/src/patraev_danila_study_pkg/install/patraev_danila_study_pkg/share/patraev_danila_study_pkg/hook/ament_prefix_path.sh'
[0.130s] INFO:colcon.colcon_core.shell:Skip shell extension 'powershell' for command environment: Not usable outside of PowerShell
[0.130s] DEBUG:colcon.colcon_core.shell:Skip shell extension 'dsv' for command environment
[0.247s] INFO:colcon.colcon_core.task.python.build:Building Python package in '/home/ldps-06/ros2_ws/src/patraev_danila_study_pkg'
[0.248s] INFO:colcon.colcon_core.shell:Skip shell extension 'powershell' for command environment: Not usable outside of PowerShell
[0.248s] DEBUG:colcon.colcon_core.shell:Skip shell extension 'dsv' for command environment
[0.531s] DEBUG:colcon.colcon_core.event_handler.log_command:Invoking command in '/home/ldps-06/ros2_ws/src/patraev_danila_study_pkg': PYTHONPATH=/home/ldps-06/ros2_ws/src/patraev_danila_study_pkg/build/patraev_danila_study_pkg/prefix_override:/usr/lib/python3/dist-packages/colcon_core/task/python/colcon_distutils_commands:/home/ldps-06/ros2_ws/src/patraev_danila_study_pkg/install/patraev_danila_study_pkg/lib/python3.12/site-packages:${PYTHONPATH} /usr/bin/python3 -W ignore:setup.py install is deprecated -W ignore:easy_install command is deprecated setup.py egg_info --egg-base build/patraev_danila_study_pkg build --build-base /home/ldps-06/ros2_ws/src/patraev_danila_study_pkg/build/patraev_danila_study_pkg/build install --record /home/ldps-06/ros2_ws/src/patraev_danila_study_pkg/build/patraev_danila_study_pkg/install.log --single-version-externally-managed install_data
[0.792s] DEBUG:colcon.colcon_core.event_handler.log_command:Invoked command in '/home/ldps-06/ros2_ws/src/patraev_danila_study_pkg' returned '0': PYTHONPATH=/home/ldps-06/ros2_ws/src/patraev_danila_study_pkg/build/patraev_danila_study_pkg/prefix_override:/usr/lib/python3/dist-packages/colcon_core/task/python/colcon_distutils_commands:/home/ldps-06/ros2_ws/src/patraev_danila_study_pkg/install/patraev_danila_study_pkg/lib/python3.12/site-packages:${PYTHONPATH} /usr/bin/python3 -W ignore:setup.py install is deprecated -W ignore:easy_install command is deprecated setup.py egg_info --egg-base build/patraev_danila_study_pkg build --build-base /home/ldps-06/ros2_ws/src/patraev_danila_study_pkg/build/patraev_danila_study_pkg/build install --record /home/ldps-06/ros2_ws/src/patraev_danila_study_pkg/build/patraev_danila_study_pkg/install.log --single-version-externally-managed install_data
[0.793s] Level 1:colcon.colcon_core.environment:checking '/home/ldps-06/ros2_ws/src/patraev_danila_study_pkg/install/patraev_danila_study_pkg' for CMake module files
[0.793s] Level 1:colcon.colcon_core.environment:checking '/home/ldps-06/ros2_ws/src/patraev_danila_study_pkg/install/patraev_danila_study_pkg' for CMake config files
[0.793s] Level 1:colcon.colcon_core.environment:checking '/home/ldps-06/ros2_ws/src/patraev_danila_study_pkg/install/patraev_danila_study_pkg/lib'
[0.794s] Level 1:colcon.colcon_core.environment:checking '/home/ldps-06/ros2_ws/src/patraev_danila_study_pkg/install/patraev_danila_study_pkg/bin'
[0.794s] Level 1:colcon.colcon_core.environment:checking '/home/ldps-06/ros2_ws/src/patraev_danila_study_pkg/install/patraev_danila_study_pkg/lib/pkgconfig/patraev_danila_study_pkg.pc'
[0.794s] Level 1:colcon.colcon_core.environment:checking '/home/ldps-06/ros2_ws/src/patraev_danila_study_pkg/install/patraev_danila_study_pkg/lib/python3.12/site-packages'
[0.794s] Level 1:colcon.colcon_core.shell:create_environment_hook('patraev_danila_study_pkg', 'pythonpath')
[0.794s] INFO:colcon.colcon_core.shell:Creating environment hook '/home/ldps-06/ros2_ws/src/patraev_danila_study_pkg/install/patraev_danila_study_pkg/share/patraev_danila_study_pkg/hook/pythonpath.ps1'
[0.794s] INFO:colcon.colcon_core.shell:Creating environment descriptor '/home/ldps-06/ros2_ws/src/patraev_danila_study_pkg/install/patraev_danila_study_pkg/share/patraev_danila_study_pkg/hook/pythonpath.dsv'
[0.794s] INFO:colcon.colcon_core.shell:Creating environment hook '/home/ldps-06/ros2_ws/src/patraev_danila_study_pkg/install/patraev_danila_study_pkg/share/patraev_danila_study_pkg/hook/pythonpath.sh'
[0.795s] Level 1:colcon.colcon_core.environment:checking '/home/ldps-06/ros2_ws/src/patraev_danila_study_pkg/install/patraev_danila_study_pkg/bin'
[0.795s] Level 1:colcon.colcon_core.environment:create_environment_scripts_only(patraev_danila_study_pkg)
[0.795s] INFO:colcon.colcon_core.shell:Creating package script '/home/ldps-06/ros2_ws/src/patraev_danila_study_pkg/install/patraev_danila_study_pkg/share/patraev_danila_study_pkg/package.ps1'
[0.795s] INFO:colcon.colcon_core.shell:Creating package descriptor '/home/ldps-06/ros2_ws/src/patraev_danila_study_pkg/install/patraev_danila_study_pkg/share/patraev_danila_study_pkg/package.dsv'
[0.796s] INFO:colcon.colcon_core.shell:Creating package script '/home/ldps-06/ros2_ws/src/patraev_danila_study_pkg/install/patraev_danila_study_pkg/share/patraev_danila_study_pkg/package.sh'
[0.796s] INFO:colcon.colcon_core.shell:Creating package script '/home/ldps-06/ros2_ws/src/patraev_danila_study_pkg/install/patraev_danila_study_pkg/share/patraev_danila_study_pkg/package.bash'
[0.796s] INFO:colcon.colcon_core.shell:Creating package script '/home/ldps-06/ros2_ws/src/patraev_danila_study_pkg/install/patraev_danila_study_pkg/share/patraev_danila_study_pkg/package.zsh'
[0.797s] Level 1:colcon.colcon_core.environment:create_file_with_runtime_dependencies(/home/ldps-06/ros2_ws/src/patraev_danila_study_pkg/install/patraev_danila_study_pkg/share/colcon-core/packages/patraev_danila_study_pkg)
[0.797s] DEBUG:colcon.colcon_parallel_executor.executor.parallel:closing loop
[0.797s] DEBUG:colcon.colcon_parallel_executor.executor.parallel:loop closed
[0.797s] DEBUG:colcon.colcon_parallel_executor.executor.parallel:run_until_complete finished with '0'
[0.797s] DEBUG:colcon.colcon_core.event_reactor:joining thread
[0.801s] INFO:colcon.colcon_core.plugin_system:Skipping extension 'colcon_notification.desktop_notification.terminal_notifier': Not used on non-Darwin systems
[0.801s] INFO:colcon.colcon_core.plugin_system:Skipping extension 'colcon_notification.desktop_notification.win32': Not used on non-Windows systems
[0.801s] INFO:colcon.colcon_notification.desktop_notification:Sending desktop notification using 'notify2'
[0.809s] DEBUG:colcon.colcon_core.event_reactor:joined thread
[0.809s] INFO:colcon.colcon_core.shell:Creating prefix script '/home/ldps-06/ros2_ws/src/patraev_danila_study_pkg/install/local_setup.ps1'
[0.810s] INFO:colcon.colcon_core.shell:Creating prefix util module '/home/ldps-06/ros2_ws/src/patraev_danila_study_pkg/install/_local_setup_util_ps1.py'
[0.811s] INFO:colcon.colcon_core.shell:Creating prefix chain script '/home/ldps-06/ros2_ws/src/patraev_danila_study_pkg/install/setup.ps1'
[0.812s] INFO:colcon.colcon_core.shell:Creating prefix script '/home/ldps-06/ros2_ws/src/patraev_danila_study_pkg/install/local_setup.sh'
[0.812s] INFO:colcon.colcon_core.shell:Creating prefix util module '/home/ldps-06/ros2_ws/src/patraev_danila_study_pkg/install/_local_setup_util_sh.py'
[0.812s] INFO:colcon.colcon_core.shell:Creating prefix chain script '/home/ldps-06/ros2_ws/src/patraev_danila_study_pkg/install/setup.sh'
[0.813s] INFO:colcon.colcon_core.shell:Creating prefix script '/home/ldps-06/ros2_ws/src/patraev_danila_study_pkg/install/local_setup.bash'
[0.813s] INFO:colcon.colcon_core.shell:Creating prefix chain script '/home/ldps-06/ros2_ws/src/patraev_danila_study_pkg/install/setup.bash'
[0.813s] INFO:colcon.colcon_core.shell:Creating prefix script '/home/ldps-06/ros2_ws/src/patraev_danila_study_pkg/install/local_setup.zsh'
[0.814s] INFO:colcon.colcon_core.shell:Creating prefix chain script '/home/ldps-06/ros2_ws/src/patraev_danila_study_pkg/install/setup.zsh'
